[31mERRO[0m[2021-04-12T23:22:24+08:00]/Volumes/Users/rhein/GolangWorkspace/go-phc/users/repository/mysql/mysql_users.go:25 github.com/novriyantoAli/go-phc/users/repository/mysql.(*mysqlRepository).fetch() sql: converting argument $1 type: unsupported type []interface {}, a slice of interface 
[31mERRO[0m[2021-04-12T23:22:24+08:00]/Volumes/Users/rhein/GolangWorkspace/go-phc/users/usecase/users_ucase.go:34 github.com/novriyantoAli/go-phc/users/usecase.(*usersUsecase).Login() sql: converting argument $1 type: unsupported type []interface {}, a slice of interface 
[31mERRO[0m[2021-04-12T23:22:24+08:00]/Volumes/Users/rhein/GolangWorkspace/go-phc/users/delivery/http/users_handler.go:55 github.com/novriyantoAli/go-phc/users/delivery/http.(*usersHandler).Login() sql: converting argument $1 type: unsupported type []interface {}, a slice of interface 
[31mERRO[0m[2021-04-12T23:28:19+08:00]/Volumes/Users/rhein/GolangWorkspace/go-phc/users/usecase/users_ucase.go:34 github.com/novriyantoAli/go-phc/users/usecase.(*usersUsecase).Login() Your requested Items is Not Found            
[31mERRO[0m[2021-04-12T23:28:19+08:00]/Volumes/Users/rhein/GolangWorkspace/go-phc/users/delivery/http/users_handler.go:55 github.com/novriyantoAli/go-phc/users/delivery/http.(*usersHandler).Login() Your requested Items is Not Found            
[31mERRO[0m[2021-04-12T23:31:45+08:00]/Volumes/Users/rhein/GolangWorkspace/go-phc/users/usecase/users_ucase.go:34 github.com/novriyantoAli/go-phc/users/usecase.(*usersUsecase).Login() Given param is not valid                     
[31mERRO[0m[2021-04-12T23:31:45+08:00]/Volumes/Users/rhein/GolangWorkspace/go-phc/users/delivery/http/users_handler.go:55 github.com/novriyantoAli/go-phc/users/delivery/http.(*usersHandler).Login() Given param is not valid                     
[31mERRO[0m[2021-04-13T00:12:55+08:00]/Volumes/Users/rhein/GolangWorkspace/go-phc/users/usecase/users_ucase.go:46 github.com/novriyantoAli/go-phc/users/usecase.comparePasswords() crypto/bcrypt: hashedPassword is not the hash of the given password 
[31mERRO[0m[2021-04-13T00:12:55+08:00]/Volumes/Users/rhein/GolangWorkspace/go-phc/users/delivery/http/users_handler.go:55 github.com/novriyantoAli/go-phc/users/delivery/http.(*usersHandler).Login() Given param is not valid                     
[31mFATA[0m[2021-04-13T17:54:41+08:00]/Volumes/Users/rhein/GolangWorkspace/go-phc/main.go:80 main.main() dial tcp [::1]:9922: connect: connection refused 
[31mFATA[0m[2021-04-13T19:10:57+08:00]/Volumes/Users/rhein/GolangWorkspace/go-phc/main.go:80 main.main() dial tcp [::1]:9922: connect: connection refused 
time="2021-04-16T08:39:20+08:00" level=error msg="Given param is not valid" func="github.com/novriyantoAli/go-phc/users/usecase.(*usersUsecase).Login" file="E:/RHEIN_PROJECT/go-phc/users/usecase/users_ucase.go:78"
time="2021-04-16T08:39:20+08:00" level=error msg="Given param is not valid" func="github.com/novriyantoAli/go-phc/users/delivery/http.(*usersHandler).Login" file="E:/RHEIN_PROJECT/go-phc/users/delivery/http/users_handler.go:55"
time="2021-04-16T08:43:01+08:00" level=error msg="sql: converting argument $1 type: unsupported type []interface {}, a slice of interface" func="github.com/novriyantoAli/go-phc/pegawai/repository/mysql.(*mysqlRepository).fetch" file="E:/RHEIN_PROJECT/go-phc/pegawai/repository/mysql/mysql_pegawai.go:23"
time="2021-04-16T08:43:01+08:00" level=error msg="sql: converting argument $1 type: unsupported type []interface {}, a slice of interface" func="github.com/novriyantoAli/go-phc/pegawai/usecase.(*pegawaiUsecase).Get" file="E:/RHEIN_PROJECT/go-phc/pegawai/usecase/pegawai_ucase.go:29"
time="2021-04-16T08:43:01+08:00" level=error msg="sql: converting argument $1 type: unsupported type []interface {}, a slice of interface" func="github.com/novriyantoAli/go-phc/pegawai/delivery/http.(*pegawaiHandler).GetPegawai" file="E:/RHEIN_PROJECT/go-phc/pegawai/delivery/http/pegawai_handler.go:40"
time="2021-04-16T08:54:57+08:00" level=error msg="sql: converting argument $1 type: unsupported type []interface {}, a slice of interface" func="github.com/novriyantoAli/go-phc/pegawai/repository/mysql.(*mysqlRepository).fetch" file="E:/RHEIN_PROJECT/go-phc/pegawai/repository/mysql/mysql_pegawai.go:23"
time="2021-04-16T08:54:57+08:00" level=error msg="sql: converting argument $1 type: unsupported type []interface {}, a slice of interface" func="github.com/novriyantoAli/go-phc/pegawai/usecase.(*pegawaiUsecase).Get" file="E:/RHEIN_PROJECT/go-phc/pegawai/usecase/pegawai_ucase.go:29"
time="2021-04-16T08:54:57+08:00" level=error msg="sql: converting argument $1 type: unsupported type []interface {}, a slice of interface" func="github.com/novriyantoAli/go-phc/pegawai/delivery/http.(*pegawaiHandler).GetPegawai" file="E:/RHEIN_PROJECT/go-phc/pegawai/delivery/http/pegawai_handler.go:40"
time="2021-04-16T08:59:48+08:00" level=error msg="sql: converting argument $1 type: unsupported type []interface {}, a slice of interface" func="github.com/novriyantoAli/go-phc/pegawai/repository/mysql.(*mysqlRepository).fetch" file="E:/RHEIN_PROJECT/go-phc/pegawai/repository/mysql/mysql_pegawai.go:23"
time="2021-04-16T08:59:48+08:00" level=error msg="sql: converting argument $1 type: unsupported type []interface {}, a slice of interface" func="github.com/novriyantoAli/go-phc/pegawai/usecase.(*pegawaiUsecase).Get" file="E:/RHEIN_PROJECT/go-phc/pegawai/usecase/pegawai_ucase.go:29"
time="2021-04-16T08:59:48+08:00" level=error msg="sql: converting argument $1 type: unsupported type []interface {}, a slice of interface" func="github.com/novriyantoAli/go-phc/pegawai/delivery/http.(*pegawaiHandler).GetPegawai" file="E:/RHEIN_PROJECT/go-phc/pegawai/delivery/http/pegawai_handler.go:40"
time="2021-04-16T09:09:36+08:00" level=error msg="Given param is not valid" func="github.com/novriyantoAli/go-phc/pegawai/usecase.(*pegawaiUsecase).Get" file="E:/RHEIN_PROJECT/go-phc/pegawai/usecase/pegawai_ucase.go:29"
time="2021-04-16T09:09:36+08:00" level=error msg="Given param is not valid" func="github.com/novriyantoAli/go-phc/pegawai/delivery/http.(*pegawaiHandler).GetPegawai" file="E:/RHEIN_PROJECT/go-phc/pegawai/delivery/http/pegawai_handler.go:40"
time="2021-04-16T09:09:49+08:00" level=error msg="sql: expected 28 destination arguments in Scan, not 30" func="github.com/novriyantoAli/go-phc/pegawai/repository/mysql.(*mysqlRepository).fetch" file="E:/RHEIN_PROJECT/go-phc/pegawai/repository/mysql/mysql_pegawai.go:71"
time="2021-04-16T09:09:49+08:00" level=error msg="sql: expected 28 destination arguments in Scan, not 30" func="github.com/novriyantoAli/go-phc/pegawai/usecase.(*pegawaiUsecase).Get" file="E:/RHEIN_PROJECT/go-phc/pegawai/usecase/pegawai_ucase.go:29"
time="2021-04-16T09:09:49+08:00" level=error msg="sql: expected 28 destination arguments in Scan, not 30" func="github.com/novriyantoAli/go-phc/pegawai/delivery/http.(*pegawaiHandler).GetPegawai" file="E:/RHEIN_PROJECT/go-phc/pegawai/delivery/http/pegawai_handler.go:40"
time="2021-04-16T09:29:29+08:00" level=error msg="Given param is not valid" func="github.com/novriyantoAli/go-phc/pegawai/usecase.(*pegawaiUsecase).Get" file="E:/RHEIN_PROJECT/go-phc/pegawai/usecase/pegawai_ucase.go:29"
time="2021-04-16T09:29:29+08:00" level=error msg="Given param is not valid" func="github.com/novriyantoAli/go-phc/pegawai/delivery/http.(*pegawaiHandler).GetPegawai" file="E:/RHEIN_PROJECT/go-phc/pegawai/delivery/http/pegawai_handler.go:40"
time="2021-04-16T09:30:24+08:00" level=error msg="Given param is not valid" func="github.com/novriyantoAli/go-phc/pegawai/usecase.(*pegawaiUsecase).Get" file="E:/RHEIN_PROJECT/go-phc/pegawai/usecase/pegawai_ucase.go:29"
time="2021-04-16T09:30:24+08:00" level=error msg="Given param is not valid" func="github.com/novriyantoAli/go-phc/pegawai/delivery/http.(*pegawaiHandler).GetPegawai" file="E:/RHEIN_PROJECT/go-phc/pegawai/delivery/http/pegawai_handler.go:40"
time="2021-04-16T09:33:11+08:00" level=error msg="Given param is not valid" func="github.com/novriyantoAli/go-phc/pegawai/usecase.(*pegawaiUsecase).Get" file="E:/RHEIN_PROJECT/go-phc/pegawai/usecase/pegawai_ucase.go:29"
time="2021-04-16T09:33:11+08:00" level=error msg="Given param is not valid" func="github.com/novriyantoAli/go-phc/pegawai/delivery/http.(*pegawaiHandler).GetPegawai" file="E:/RHEIN_PROJECT/go-phc/pegawai/delivery/http/pegawai_handler.go:40"
time="2021-04-16T09:37:37+08:00" level=error msg="Given param is not valid" func="github.com/novriyantoAli/go-phc/pegawai/usecase.(*pegawaiUsecase).Get" file="E:/RHEIN_PROJECT/go-phc/pegawai/usecase/pegawai_ucase.go:29"
time="2021-04-16T09:37:37+08:00" level=error msg="Given param is not valid" func="github.com/novriyantoAli/go-phc/pegawai/delivery/http.(*pegawaiHandler).GetPegawai" file="E:/RHEIN_PROJECT/go-phc/pegawai/delivery/http/pegawai_handler.go:40"
time="2021-04-16T09:39:28+08:00" level=error msg="Given param is not valid" func="github.com/novriyantoAli/go-phc/pegawai/usecase.(*pegawaiUsecase).Get" file="E:/RHEIN_PROJECT/go-phc/pegawai/usecase/pegawai_ucase.go:29"
time="2021-04-16T09:39:28+08:00" level=error msg="Given param is not valid" func="github.com/novriyantoAli/go-phc/pegawai/delivery/http.(*pegawaiHandler).GetPegawai" file="E:/RHEIN_PROJECT/go-phc/pegawai/delivery/http/pegawai_handler.go:40"
time="2021-04-16T10:14:33+08:00" level=error msg="code=400, message=parsing time \"\"1991-01-07\"\" as \"\"2006-01-02T15:04:05Z07:00\"\": cannot parse \"\"\" as \"T\"" func="github.com/novriyantoAli/go-phc/pegawai/delivery/http.(*pegawaiHandler).PostPegawai" file="E:/RHEIN_PROJECT/go-phc/pegawai/delivery/http/pegawai_handler.go:51"
time="2021-04-16T10:17:22+08:00" level=error msg="code=400, message=parsing time \"\"1991-01-07T00:00:00Z08:00\"\" as \"\"2006-01-02T15:04:05Z07:00\"\": cannot parse \"08:00\"\" as \"\"\"" func="github.com/novriyantoAli/go-phc/pegawai/delivery/http.(*pegawaiHandler).PostPegawai" file="E:/RHEIN_PROJECT/go-phc/pegawai/delivery/http/pegawai_handler.go:51"
time="2021-04-16T10:18:40+08:00" level=error msg="Error 1136: Column count doesn't match value count at row 1" func="github.com/novriyantoAli/go-phc/pegawai/repository/mysql.(*mysqlRepository).Insert" file="E:/RHEIN_PROJECT/go-phc/pegawai/repository/mysql/mysql_pegawai.go:531"
time="2021-04-16T10:18:40+08:00" level=error msg="Error 1136: Column count doesn't match value count at row 1" func="github.com/novriyantoAli/go-phc/pegawai/usecase.(*pegawaiUsecase).Store" file="E:/RHEIN_PROJECT/go-phc/pegawai/usecase/pegawai_ucase.go:41"
time="2021-04-16T10:18:40+08:00" level=error msg="Error 1136: Column count doesn't match value count at row 1" func="github.com/novriyantoAli/go-phc/pegawai/delivery/http.(*pegawaiHandler).PostPegawai" file="E:/RHEIN_PROJECT/go-phc/pegawai/delivery/http/pegawai_handler.go:56"
time="2021-04-16T10:23:59+08:00" level=error msg="Error 1136: Column count doesn't match value count at row 1" func="github.com/novriyantoAli/go-phc/pegawai/repository/mysql.(*mysqlRepository).Insert" file="E:/RHEIN_PROJECT/go-phc/pegawai/repository/mysql/mysql_pegawai.go:555"
time="2021-04-16T10:23:59+08:00" level=error msg="Error 1136: Column count doesn't match value count at row 1" func="github.com/novriyantoAli/go-phc/pegawai/usecase.(*pegawaiUsecase).Store" file="E:/RHEIN_PROJECT/go-phc/pegawai/usecase/pegawai_ucase.go:41"
time="2021-04-16T10:23:59+08:00" level=error msg="Error 1136: Column count doesn't match value count at row 1" func="github.com/novriyantoAli/go-phc/pegawai/delivery/http.(*pegawaiHandler).PostPegawai" file="E:/RHEIN_PROJECT/go-phc/pegawai/delivery/http/pegawai_handler.go:56"
time="2021-04-16T10:27:58+08:00" level=error msg="Error 1136: Column count doesn't match value count at row 1" func="github.com/novriyantoAli/go-phc/pegawai/repository/mysql.(*mysqlRepository).Insert" file="E:/RHEIN_PROJECT/go-phc/pegawai/repository/mysql/mysql_pegawai.go:556"
time="2021-04-16T10:27:58+08:00" level=error msg="Error 1136: Column count doesn't match value count at row 1" func="github.com/novriyantoAli/go-phc/pegawai/usecase.(*pegawaiUsecase).Store" file="E:/RHEIN_PROJECT/go-phc/pegawai/usecase/pegawai_ucase.go:41"
time="2021-04-16T10:27:58+08:00" level=error msg="Error 1136: Column count doesn't match value count at row 1" func="github.com/novriyantoAli/go-phc/pegawai/delivery/http.(*pegawaiHandler).PostPegawai" file="E:/RHEIN_PROJECT/go-phc/pegawai/delivery/http/pegawai_handler.go:56"
time="2021-04-16T10:28:58+08:00" level=error msg="Error 1136: Column count doesn't match value count at row 1" func="github.com/novriyantoAli/go-phc/pegawai/repository/mysql.(*mysqlRepository).Insert" file="E:/RHEIN_PROJECT/go-phc/pegawai/repository/mysql/mysql_pegawai.go:556"
time="2021-04-16T10:28:58+08:00" level=error msg="Error 1136: Column count doesn't match value count at row 1" func="github.com/novriyantoAli/go-phc/pegawai/usecase.(*pegawaiUsecase).Store" file="E:/RHEIN_PROJECT/go-phc/pegawai/usecase/pegawai_ucase.go:41"
time="2021-04-16T10:28:58+08:00" level=error msg="Error 1136: Column count doesn't match value count at row 1" func="github.com/novriyantoAli/go-phc/pegawai/delivery/http.(*pegawaiHandler).PostPegawai" file="E:/RHEIN_PROJECT/go-phc/pegawai/delivery/http/pegawai_handler.go:56"
time="2021-04-16T10:57:32+08:00" level=error msg="Error 1364: Field 'tanggal_pengangkatan' doesn't have a default value" func="github.com/novriyantoAli/go-phc/pegawai/repository/mysql.(*mysqlRepository).Insert" file="E:/RHEIN_PROJECT/go-phc/pegawai/repository/mysql/mysql_pegawai.go:557"
time="2021-04-16T10:57:32+08:00" level=error msg="Error 1364: Field 'tanggal_pengangkatan' doesn't have a default value" func="github.com/novriyantoAli/go-phc/pegawai/usecase.(*pegawaiUsecase).Store" file="E:/RHEIN_PROJECT/go-phc/pegawai/usecase/pegawai_ucase.go:41"
time="2021-04-16T10:57:32+08:00" level=error msg="Error 1364: Field 'tanggal_pengangkatan' doesn't have a default value" func="github.com/novriyantoAli/go-phc/pegawai/delivery/http.(*pegawaiHandler).PostPegawai" file="E:/RHEIN_PROJECT/go-phc/pegawai/delivery/http/pegawai_handler.go:56"
time="2021-04-16T15:52:44+08:00" level=error msg="code=415, message=Unsupported Media Type" func="github.com/novriyantoAli/go-phc/absen/delivery/http.(*absenHandler).PutAbsen" file="E:/RHEIN_PROJECT/go-phc/absen/delivery/http/absen_handler.go:73"
time="2021-04-16T15:53:51+08:00" level=error msg="Error 1136: Column count doesn't match value count at row 1" func="github.com/novriyantoAli/go-phc/absen/repository/mysql.(*mysqlRepository).Insert" file="E:/RHEIN_PROJECT/go-phc/absen/repository/mysql/mysql_absen.go:186"
time="2021-04-16T15:53:51+08:00" level=error msg="Error 1136: Column count doesn't match value count at row 1" func="github.com/novriyantoAli/go-phc/absen/usecase.(*absenUsecase).Store" file="E:/RHEIN_PROJECT/go-phc/absen/usecase/absen_ucase.go:41"
time="2021-04-16T15:53:51+08:00" level=error msg="Error 1136: Column count doesn't match value count at row 1" func="github.com/novriyantoAli/go-phc/absen/delivery/http.(*absenHandler).PostAbsen" file="E:/RHEIN_PROJECT/go-phc/absen/delivery/http/absen_handler.go:63"
